Android/TeamTok/app/build/intermediates/manifest_merge_blame_file/release/manifest-merger-blame-release-report.txt
1<?xml version="1.0" encoding="utf-8"?>
2<manifest xmlns:android="http://schemas.android.com/apk/res/android"
3    package="com.test.shareproject"
4    android:targetSandboxVersion="1"
5    android:versionCode="1"
6    android:versionName="1.0" >
7
8    <uses-sdk
9        android:minSdkVersion="19"
9-->src\main\AndroidManifest.xml
10        android:targetSdkVersion="30" />
10-->src\main\AndroidManifest.xml
11
12    <uses-permission android:name="android.permission.INTERNET" />
12-->src\main\AndroidManifest.xml:7:5-67
12-->src\main\AndroidManifest.xml:7:22-64
13
14    <!-- Although the *SdkVersion is captured in gradle build files, this is required for non gradle builds -->
15    <!-- <uses-sdk android:minSdkVersion="14"/> -->
16    <uses-permission android:name="android.permission.ACCESS_NETWORK_STATE" />
16-->[com.google.firebase:firebase-database:19.5.0] AndroidManifest.xml:25:5-79
16-->[com.google.firebase:firebase-database:19.5.0] AndroidManifest.xml:25:22-76
17    <uses-permission android:name="android.permission.WAKE_LOCK" />
17-->[com.google.android.gms:play-services-measurement:17.6.0] AndroidManifest.xml:25:5-68
17-->[com.google.android.gms:play-services-measurement:17.6.0] AndroidManifest.xml:25:22-65
18    <uses-permission android:name="com.google.android.finsky.permission.BIND_GET_INSTALL_REFERRER_SERVICE" />
18-->[com.google.android.gms:play-services-measurement:17.6.0] AndroidManifest.xml:26:5-110
18-->[com.google.android.gms:play-services-measurement:17.6.0] AndroidManifest.xml:26:22-107
19
20    <application
20-->src\main\AndroidManifest.xml:9:5-41:19
21        android:allowBackup="true"
21-->src\main\AndroidManifest.xml:10:9-35
22        android:appComponentFactory="androidx.core.app.CoreComponentFactory"
22-->[androidx.core:core:1.3.0] AndroidManifest.xml:24:18-86
23        android:icon="@mipmap/ic_launcher"
23-->src\main\AndroidManifest.xml:11:9-43
24        android:label="@string/app_name"
24-->src\main\AndroidManifest.xml:12:9-41
25        android:networkSecurityConfig="@xml/network_security_config"
25-->src\main\AndroidManifest.xml:13:9-69
26        android:roundIcon="@mipmap/ic_launcher_round"
26-->src\main\AndroidManifest.xml:14:9-54
27        android:supportsRtl="true"
27-->src\main\AndroidManifest.xml:15:9-35
28        android:theme="@style/AppTheme"
28-->src\main\AndroidManifest.xml:16:9-40
29        android:usesCleartextTraffic="true" >
29-->src\main\AndroidManifest.xml:17:9-44
30        <activity android:name="com.test.shareproject.User.PasswdActivity" />
30-->src\main\AndroidManifest.xml:18:9-57
30-->src\main\AndroidManifest.xml:18:19-54
31        <activity android:name="com.test.shareproject.User.LoginActivity" />
31-->src\main\AndroidManifest.xml:19:9-56
31-->src\main\AndroidManifest.xml:19:19-53
32        <activity android:name="com.test.shareproject.User.MyUpdateActivity" />
32-->src\main\AndroidManifest.xml:20:9-59
32-->src\main\AndroidManifest.xml:20:19-56
33        <activity android:name="com.test.shareproject.SearchBoard" />
33-->src\main\AndroidManifest.xml:21:9-23:45
33-->src\main\AndroidManifest.xml:22:13-40
34        <activity android:name="com.test.shareproject.Question.QuestionUpdate" />
34-->src\main\AndroidManifest.xml:24:9-61
34-->src\main\AndroidManifest.xml:24:19-58
35        <activity android:name="com.test.shareproject.Question.QuestionDetail" />
35-->src\main\AndroidManifest.xml:25:9-61
35-->src\main\AndroidManifest.xml:25:19-58
36        <activity android:name="com.test.shareproject.Question.QuestionWrite" />
36-->src\main\AndroidManifest.xml:26:9-60
36-->src\main\AndroidManifest.xml:26:19-57
37        <activity android:name="com.test.shareproject.Board.UpdateActivity" />
37-->src\main\AndroidManifest.xml:27:9-58
37-->src\main\AndroidManifest.xml:27:19-55
38        <activity android:name="com.test.shareproject.Board.CalendarActivity" />
38-->src\main\AndroidManifest.xml:28:9-29:53
38-->src\main\AndroidManifest.xml:29:13-51
39        <activity android:name="com.test.shareproject.Board.WriteActivity" />
39-->src\main\AndroidManifest.xml:30:9-57
39-->src\main\AndroidManifest.xml:30:19-54
40        <activity android:name="com.test.shareproject.User.JoinActivity" />
40-->src\main\AndroidManifest.xml:31:9-55
40-->src\main\AndroidManifest.xml:31:19-52
41        <activity android:name="com.test.shareproject.StartActivity" />
41-->src\main\AndroidManifest.xml:32:9-51
41-->src\main\AndroidManifest.xml:32:19-48
42        <activity android:name="com.test.shareproject.Board.DetailActivity" />
42-->src\main\AndroidManifest.xml:33:9-57
42-->src\main\AndroidManifest.xml:33:19-55
43        <activity android:name="com.test.shareproject.MainActivity" >
43-->src\main\AndroidManifest.xml:34:9-40:20
43-->src\main\AndroidManifest.xml:34:19-47
44            <intent-filter>
44-->src\main\AndroidManifest.xml:35:13-39:29
45                <action android:name="android.intent.action.MAIN" />
45-->src\main\AndroidManifest.xml:36:17-69
45-->src\main\AndroidManifest.xml:36:25-66
46
47                <category android:name="android.intent.category.LAUNCHER" />
47-->src\main\AndroidManifest.xml:38:17-77
47-->src\main\AndroidManifest.xml:38:27-74
48            </intent-filter>
49        </activity>
50
51        <service
51-->[com.google.firebase:firebase-database:19.5.0] AndroidManifest.xml:29:9-35:19
52            android:name="com.google.firebase.components.ComponentDiscoveryService"
52-->[com.google.firebase:firebase-database:19.5.0] AndroidManifest.xml:30:13-84
53            android:directBootAware="true"
53-->[com.google.firebase:firebase-common:19.3.1] AndroidManifest.xml:35:13-43
54            android:exported="false" >
54-->[com.google.firebase:firebase-database:19.5.0] AndroidManifest.xml:31:13-37
55            <meta-data
55-->[com.google.firebase:firebase-database:19.5.0] AndroidManifest.xml:32:13-34:85
56                android:name="com.google.firebase.components:com.google.firebase.database.DatabaseRegistrar"
56-->[com.google.firebase:firebase-database:19.5.0] AndroidManifest.xml:33:17-109
57                android:value="com.google.firebase.components.ComponentRegistrar" />
57-->[com.google.firebase:firebase-database:19.5.0] AndroidManifest.xml:34:17-82
58            <meta-data
58-->[com.google.android.gms:play-services-measurement-api:17.6.0] AndroidManifest.xml:30:13-32:85
59                android:name="com.google.firebase.components:com.google.firebase.analytics.connector.internal.AnalyticsConnectorRegistrar"
59-->[com.google.android.gms:play-services-measurement-api:17.6.0] AndroidManifest.xml:31:17-139
60                android:value="com.google.firebase.components.ComponentRegistrar" />
60-->[com.google.android.gms:play-services-measurement-api:17.6.0] AndroidManifest.xml:32:17-82
61            <meta-data
61-->[com.google.firebase:firebase-installations:16.3.2] AndroidManifest.xml:17:13-19:85
62                android:name="com.google.firebase.components:com.google.firebase.installations.FirebaseInstallationsRegistrar"
62-->[com.google.firebase:firebase-installations:16.3.2] AndroidManifest.xml:18:17-127
63                android:value="com.google.firebase.components.ComponentRegistrar" />
63-->[com.google.firebase:firebase-installations:16.3.2] AndroidManifest.xml:19:17-82
64        </service>
65
66        <activity
66-->[com.google.android.gms:play-services-base:17.0.0] AndroidManifest.xml:23:9-26:75
67            android:name="com.google.android.gms.common.api.GoogleApiActivity"
67-->[com.google.android.gms:play-services-base:17.0.0] AndroidManifest.xml:24:13-79
68            android:exported="false"
68-->[com.google.android.gms:play-services-base:17.0.0] AndroidManifest.xml:25:13-37
69            android:theme="@android:style/Theme.Translucent.NoTitleBar" />
69-->[com.google.android.gms:play-services-base:17.0.0] AndroidManifest.xml:26:13-72
70
71        <receiver
71-->[com.google.android.gms:play-services-measurement:17.6.0] AndroidManifest.xml:29:9-33:20
72            android:name="com.google.android.gms.measurement.AppMeasurementReceiver"
72-->[com.google.android.gms:play-services-measurement:17.6.0] AndroidManifest.xml:30:13-85
73            android:enabled="true"
73-->[com.google.android.gms:play-services-measurement:17.6.0] AndroidManifest.xml:31:13-35
74            android:exported="false" >
74-->[com.google.android.gms:play-services-measurement:17.6.0] AndroidManifest.xml:32:13-37
75        </receiver>
76
77        <service
77-->[com.google.android.gms:play-services-measurement:17.6.0] AndroidManifest.xml:35:9-38:40
78            android:name="com.google.android.gms.measurement.AppMeasurementService"
78-->[com.google.android.gms:play-services-measurement:17.6.0] AndroidManifest.xml:36:13-84
79            android:enabled="true"
79-->[com.google.android.gms:play-services-measurement:17.6.0] AndroidManifest.xml:37:13-35
80            android:exported="false" />
80-->[com.google.android.gms:play-services-measurement:17.6.0] AndroidManifest.xml:38:13-37
81        <service
81-->[com.google.android.gms:play-services-measurement:17.6.0] AndroidManifest.xml:39:9-43:72
82            android:name="com.google.android.gms.measurement.AppMeasurementJobService"
82-->[com.google.android.gms:play-services-measurement:17.6.0] AndroidManifest.xml:40:13-87
83            android:enabled="true"
83-->[com.google.android.gms:play-services-measurement:17.6.0] AndroidManifest.xml:41:13-35
84            android:exported="false"
84-->[com.google.android.gms:play-services-measurement:17.6.0] AndroidManifest.xml:42:13-37
85            android:permission="android.permission.BIND_JOB_SERVICE" />
85-->[com.google.android.gms:play-services-measurement:17.6.0] AndroidManifest.xml:43:13-69
86
87        <provider
87-->[com.google.firebase:firebase-common:19.3.1] AndroidManifest.xml:26:9-31:39
88            android:name="com.google.firebase.provider.FirebaseInitProvider"
88-->[com.google.firebase:firebase-common:19.3.1] AndroidManifest.xml:27:13-77
89            android:authorities="com.test.shareproject.firebaseinitprovider"
89-->[com.google.firebase:firebase-common:19.3.1] AndroidManifest.xml:28:13-72
90            android:directBootAware="true"
90-->[com.google.firebase:firebase-common:19.3.1] AndroidManifest.xml:29:13-43
91            android:exported="false"
91-->[com.google.firebase:firebase-common:19.3.1] AndroidManifest.xml:30:13-37
92            android:initOrder="100" />
92-->[com.google.firebase:firebase-common:19.3.1] AndroidManifest.xml:31:13-36
93
94        <meta-data
94-->[com.google.android.gms:play-services-basement:17.0.0] AndroidManifest.xml:23:9-25:69
95            android:name="com.google.android.gms.version"
95-->[com.google.android.gms:play-services-basement:17.0.0] AndroidManifest.xml:24:13-58
96            android:value="@integer/google_play_services_version" />
96-->[com.google.android.gms:play-services-basement:17.0.0] AndroidManifest.xml:25:13-66
97    </application>
98
99</manifest>